2024/10/21 21:09:43 [INFO] Client added to Redis: , userId: 1110930482, connectionID: savyyj7c3xp1jk
2024/10/21 21:09:43 [INFO] Started listening for messages: , userId: 1110930482
2024/10/21 21:09:45 [INFO] Client added to Redis: , userId: 3522294735, connectionID: qpaja55josin4h
2024/10/21 21:09:45 [INFO] Started listening for messages: , userId: 3522294735
2024/10/21 21:09:47 [INFO] Receiver online status: , receiverId: 1110930482, isOnline: true
2024/10/21 21:09:47 [INFO] Creating message: , senderId: 3522294735, receiverId: 1110930482, status: 1
2024/10/21 21:09:47 [INFO] Message saved to database successfully: 
2024/10/21 21:09:47 [INFO] Message created and stored successfully: , message: {3522294735 1110930482 hello from rabbitMQ and redis .... , ok  text  1 1729544987}
2024/10/21 21:09:47 [INFO] Successfully published message: , exchange: messages_exchange, routingKey: 1110930482, messageBody: {"sender_id":"3522294735","receiver_id":"1110930482","content":"hello from rabbitMQ and redis .... , ok ","content_type":"text","file_path":"","status":1,"created_at":1729544987}
2024/10/21 21:12:25 [INFO] Client added to Redis: , userId: 3522294735, connectionID: fmbo0pm5ijf1sm
2024/10/21 21:12:25 [INFO] Started listening for messages: , userId: 3522294735
2024/10/21 21:12:27 [INFO] Receiver online status: , receiverId: 1110930482, isOnline: true
2024/10/21 21:12:27 [INFO] Creating message: , senderId: 3522294735, receiverId: 1110930482, status: 1
2024/10/21 21:12:27 [INFO] Message saved to database successfully: 
2024/10/21 21:12:38 [INFO] Client added to Redis: , userId: 1110930482, connectionID: mr74vub0c7kbzn
2024/10/21 21:12:38 [INFO] Started listening for messages: , userId: 1110930482
2024/10/21 21:12:56 [INFO] Client removed from Redis: , userId: 1110930482
2024/10/21 21:12:56 [INFO] Consumer cancelled successfully: , consumerTag: 1110930482
2024/10/21 21:13:48 [INFO] Client added to Redis: , userId: 1110930482, connectionID: 6qwbyh4g92nevp
2024/10/21 21:13:48 [INFO] Started listening for messages: , userId: 1110930482
2024/10/21 21:13:58 [INFO] Client removed from Redis: , userId: 3522294735
2024/10/21 21:13:58 [INFO] Consumer cancelled successfully: , consumerTag: 3522294735
2024/10/21 21:13:59 [INFO] Client added to Redis: , userId: 3522294735, connectionID: yladqive7ezj19
2024/10/21 21:13:59 [INFO] Started listening for messages: , userId: 3522294735
2024/10/21 21:14:08 [INFO] Client removed from Redis: , userId: 1110930482
2024/10/21 21:14:08 [INFO] Consumer cancelled successfully: , consumerTag: 1110930482
2024/10/21 21:14:13 [INFO] Receiver online status: , isOnline: false, receiverId: 1110930482
2024/10/21 21:14:13 [INFO] Creating message: , receiverId: 1110930482, status: 2, senderId: 3522294735
2024/10/21 21:14:13 [INFO] Message saved to database successfully: 
2024/10/21 21:17:24 [INFO] Receiver online status: , receiverId: 1110930482, isOnline: false
2024/10/21 21:17:24 [INFO] Creating message: , senderId: 3522294735, receiverId: 1110930482, status: 2
2024/10/21 21:17:24 [INFO] Message saved to database successfully: 
2024/10/21 21:17:26 [INFO] Client added to Redis: , userId: 1110930482, connectionID: dxsz6yalwzewwj
2024/10/21 21:17:26 [INFO] Started listening for messages: , userId: 1110930482
2024/10/21 21:17:28 [INFO] Receiver online status: , receiverId: 3522294735, isOnline: true
2024/10/21 21:17:28 [INFO] Creating message: , receiverId: 3522294735, status: 1, senderId: 1110930482
2024/10/21 21:17:28 [INFO] Message saved to database successfully: 
2024/10/21 21:17:29 [INFO] Receiver online status: , receiverId: 3522294735, isOnline: true
2024/10/21 21:17:29 [INFO] Creating message: , senderId: 1110930482, receiverId: 3522294735, status: 1
2024/10/21 21:17:29 [INFO] Message saved to database successfully: 
2024/10/21 21:17:31 [INFO] Receiver online status: , receiverId: 1110930482, isOnline: true
2024/10/21 21:17:31 [INFO] Creating message: , senderId: 3522294735, receiverId: 1110930482, status: 1
2024/10/21 21:17:31 [INFO] Message saved to database successfully: 
2024/10/21 21:17:34 [INFO] Receiver online status: , receiverId: 3522294735, isOnline: true
2024/10/21 21:17:34 [INFO] Creating message: , senderId: 1110930482, receiverId: 3522294735, status: 1
2024/10/21 21:17:34 [INFO] Message saved to database successfully: 
2024/10/21 21:17:37 [INFO] Receiver online status: , receiverId: 1110930482, isOnline: true
2024/10/21 21:17:37 [INFO] Creating message: , status: 1, senderId: 3522294735, receiverId: 1110930482
2024/10/21 21:17:37 [INFO] Message saved to database successfully: 
2024/10/21 21:17:51 [INFO] Receiver online status: , receiverId: 1110930482, isOnline: true
2024/10/21 21:17:51 [INFO] Creating message: , senderId: 3522294735, receiverId: 1110930482, status: 1
2024/10/21 21:17:51 [INFO] Message saved to database successfully: 
2024/10/21 21:17:52 [INFO] Receiver online status: , receiverId: 1110930482, isOnline: true
2024/10/21 21:17:52 [INFO] Creating message: , status: 1, senderId: 3522294735, receiverId: 1110930482
2024/10/21 21:17:52 [INFO] Message saved to database successfully: 
2024/10/21 21:18:14 [INFO] Receiver online status: , receiverId: 3522294735, isOnline: true
2024/10/21 21:18:14 [INFO] Creating message: , senderId: 1110930482, receiverId: 3522294735, status: 1
2024/10/21 21:18:14 [INFO] Message saved to database successfully: 
2024/10/21 21:18:17 [INFO] Receiver online status: , receiverId: 1110930482, isOnline: true
2024/10/21 21:18:17 [INFO] Creating message: , senderId: 3522294735, receiverId: 1110930482, status: 1
2024/10/21 21:18:17 [INFO] Message saved to database successfully: 
2024/10/21 21:18:23 [INFO] Receiver online status: , receiverId: 1110930482, isOnline: true
2024/10/21 21:18:23 [INFO] Creating message: , senderId: 3522294735, receiverId: 1110930482, status: 1
2024/10/21 21:18:23 [INFO] Message saved to database successfully: 
2024/10/21 21:18:23 [INFO] Receiver online status: , receiverId: 1110930482, isOnline: true
2024/10/21 21:18:23 [INFO] Creating message: , senderId: 3522294735, receiverId: 1110930482, status: 1
2024/10/21 21:18:23 [INFO] Message saved to database successfully: 
2024/10/21 21:18:23 [INFO] Receiver online status: , receiverId: 1110930482, isOnline: true
2024/10/21 21:18:23 [INFO] Creating message: , senderId: 3522294735, receiverId: 1110930482, status: 1
2024/10/21 21:18:23 [INFO] Message saved to database successfully: 
2024/10/21 21:18:26 [INFO] Receiver online status: , receiverId: 3522294735, isOnline: true
2024/10/21 21:18:26 [INFO] Creating message: , senderId: 1110930482, receiverId: 3522294735, status: 1
2024/10/21 21:18:26 [INFO] Message saved to database successfully: 
2024/10/21 21:18:26 [INFO] Receiver online status: , receiverId: 3522294735, isOnline: true
2024/10/21 21:18:26 [INFO] Creating message: , senderId: 1110930482, receiverId: 3522294735, status: 1
2024/10/21 21:18:26 [INFO] Message saved to database successfully: 
2024/10/22 11:20:03 [INFO] Consumer cancelled successfully: , consumerTag: 3522294735
2024/10/22 11:20:03 [INFO] Client added to Redis: , userId: 3522294735, connectionID: 16i0d51rvswxjq
2024/10/22 11:20:03 [INFO] Started listening for messages: , userId: 3522294735
2024/10/22 11:20:06 [INFO] Consumer cancelled successfully: , consumerTag: 1110930482
2024/10/22 11:20:06 [INFO] Client added to Redis: , userId: 1110930482, connectionID: bmtmhlgl0kjbha
2024/10/22 11:20:06 [INFO] Started listening for messages: , userId: 1110930482
2024/10/22 11:20:14 [INFO] Receiver online status: , receiverId: 1110930482, isOnline: true
2024/10/22 11:20:14 [INFO] Creating message: , senderId: 3522294735, receiverId: 1110930482, status: 1
2024/10/22 11:20:14 [INFO] Message saved to database successfully: 
2024/10/22 11:20:17 [INFO] Receiver online status: , receiverId: 3522294735, isOnline: true
2024/10/22 11:20:17 [INFO] Creating message: , senderId: 1110930482, receiverId: 3522294735, status: 1
2024/10/22 11:20:17 [INFO] Message saved to database successfully: 
2024/10/22 11:20:21 [INFO] Receiver online status: , receiverId: 1110930482, isOnline: true
2024/10/22 11:20:21 [INFO] Creating message: , senderId: 3522294735, receiverId: 1110930482, status: 1
2024/10/22 11:20:21 [INFO] Message saved to database successfully: 
2024/10/22 11:20:21 [INFO] Receiver online status: , receiverId: 1110930482, isOnline: true
2024/10/22 11:20:21 [INFO] Creating message: , senderId: 3522294735, receiverId: 1110930482, status: 1
2024/10/22 11:20:21 [INFO] Message saved to database successfully: 
2024/10/22 11:20:21 [INFO] Receiver online status: , receiverId: 1110930482, isOnline: true
2024/10/22 11:20:21 [INFO] Creating message: , status: 1, senderId: 3522294735, receiverId: 1110930482
2024/10/22 11:20:21 [INFO] Message saved to database successfully: 
2024/10/22 11:20:25 [INFO] Receiver online status: , receiverId: 3522294735, isOnline: true
2024/10/22 11:20:25 [INFO] Creating message: , status: 1, senderId: 1110930482, receiverId: 3522294735
2024/10/22 11:20:25 [INFO] Message saved to database successfully: 
2024/10/22 11:20:31 [INFO] Receiver online status: , receiverId: 3522294735, isOnline: true
2024/10/22 11:20:31 [INFO] Creating message: , senderId: 1110930482, receiverId: 3522294735, status: 1
2024/10/22 11:20:31 [INFO] Message saved to database successfully: 
2024/10/22 11:20:31 [INFO] Receiver online status: , receiverId: 3522294735, isOnline: true
2024/10/22 11:20:31 [INFO] Creating message: , senderId: 1110930482, receiverId: 3522294735, status: 1
2024/10/22 11:20:31 [INFO] Message saved to database successfully: 
2024/10/22 11:20:32 [INFO] Receiver online status: , receiverId: 3522294735, isOnline: true
2024/10/22 11:20:32 [INFO] Creating message: , receiverId: 3522294735, status: 1, senderId: 1110930482
2024/10/22 11:20:32 [INFO] Message saved to database successfully: 
2024/10/22 11:20:35 [INFO] Receiver online status: , receiverId: 1110930482, isOnline: true
2024/10/22 11:20:35 [INFO] Creating message: , receiverId: 1110930482, status: 1, senderId: 3522294735
2024/10/22 11:20:35 [INFO] Message saved to database successfully: 
2024/10/22 11:20:35 [INFO] Receiver online status: , receiverId: 1110930482, isOnline: true
2024/10/22 11:20:35 [INFO] Creating message: , senderId: 3522294735, receiverId: 1110930482, status: 1
2024/10/22 11:20:35 [INFO] Message saved to database successfully: 
2024/10/22 11:21:45 [ERROR] Failed to read WebSocket message: clientIp: 127.0.0.1:34536, error: websocket: close 1000 (normal)
2024/10/22 11:21:45 [INFO] Consumer cancelled successfully: , consumerTag: 1110930482
2024/10/22 11:21:52 [ERROR] Failed to read WebSocket message: clientIp: 127.0.0.1:34532, error: websocket: close 1000 (normal)
2024/10/22 11:21:52 [INFO] Consumer cancelled successfully: , consumerTag: 3522294735
2024/10/22 11:21:59 [INFO] Consumer cancelled successfully: , consumerTag: 3522294735
2024/10/22 11:21:59 [INFO] Client added to Redis: , userId: 3522294735, connectionID: zl2cvslykvb4mz
2024/10/22 11:21:59 [INFO] Started listening for messages: , userId: 3522294735
2024/10/22 11:22:12 [INFO] Consumer cancelled successfully: , consumerTag: 1110930482
2024/10/22 11:22:12 [INFO] Client added to Redis: , userId: 1110930482, connectionID: vux5d7wp2f2mnx
2024/10/22 11:22:12 [INFO] Started listening for messages: , userId: 1110930482
2024/10/23 18:56:31 [INFO] Consumer cancelled successfully: , consumerTag: 3522294735
2024/10/23 18:56:31 [INFO] Client added to Redis: , userId: 3522294735, connectionID: edutcrqi18c8p3
2024/10/23 18:56:31 [INFO] Started listening for messages: , userId: 3522294735
2024/10/23 18:56:34 [INFO] Consumer cancelled successfully: , consumerTag: 1110930482
2024/10/23 18:56:34 [INFO] Client added to Redis: , connectionID: j5m32jtjcg4092, userId: 1110930482
2024/10/23 18:56:34 [INFO] Started listening for messages: , userId: 1110930482
2024/10/23 18:56:39 [INFO] Receiver online status: , receiverId: 1110930482, isOnline: true
2024/10/23 18:56:39 [INFO] Creating message: , senderId: 3522294735, receiverId: 1110930482, status: 1
2024/10/23 18:56:39 [INFO] Message saved to database successfully: 
2024/10/23 18:56:42 [INFO] Receiver online status: , receiverId: 3522294735, isOnline: true
2024/10/23 18:56:42 [INFO] Creating message: , senderId: 1110930482, receiverId: 3522294735, status: 1
2024/10/23 18:56:42 [INFO] Message saved to database successfully: 
2024/10/23 18:56:44 [INFO] Receiver online status: , receiverId: 1110930482, isOnline: true
2024/10/23 18:56:44 [INFO] Creating message: , senderId: 3522294735, receiverId: 1110930482, status: 1
2024/10/23 18:56:44 [INFO] Message saved to database successfully: 
2024/10/23 18:56:45 [INFO] Receiver online status: , receiverId: 1110930482, isOnline: true
2024/10/23 18:56:45 [INFO] Creating message: , receiverId: 1110930482, status: 1, senderId: 3522294735
2024/10/23 18:56:45 [INFO] Message saved to database successfully: 
2024/10/23 18:56:45 [INFO] Receiver online status: , receiverId: 1110930482, isOnline: true
2024/10/23 18:56:45 [INFO] Creating message: , status: 1, senderId: 3522294735, receiverId: 1110930482
2024/10/23 18:56:45 [INFO] Message saved to database successfully: 
2024/10/23 18:56:47 [INFO] Receiver online status: , receiverId: 3522294735, isOnline: true
2024/10/23 18:56:47 [INFO] Creating message: , senderId: 1110930482, receiverId: 3522294735, status: 1
2024/10/23 18:56:47 [INFO] Message saved to database successfully: 
2024/10/23 19:15:26 [INFO] Consumer cancelled successfully: , consumerTag: 3522294735
2024/10/23 19:15:26 [INFO] Client added to Redis: , userId: 3522294735, connectionID: t2ke4bf8iwhtmo
2024/10/23 19:15:26 [INFO] Started listening for messages: , userId: 3522294735
2024/10/23 19:15:28 [INFO] Consumer cancelled successfully: , consumerTag: 1110930482
2024/10/23 19:15:28 [INFO] Client added to Redis: , userId: 1110930482, connectionID: hrsw8mra10ocqx
2024/10/23 19:15:28 [INFO] Started listening for messages: , userId: 1110930482
2024/10/23 19:15:32 [INFO] Receiver online status: , isOnline: true, receiverId: 1110930482
2024/10/23 19:15:32 [INFO] Creating message: , receiverId: 1110930482, status: 1, senderId: 3522294735
2024/10/23 19:15:32 [INFO] Message saved to database successfully: 
2024/10/23 19:15:36 [INFO] Receiver online status: , receiverId: 3522294735, isOnline: true
2024/10/23 19:15:36 [INFO] Creating message: , senderId: 1110930482, receiverId: 3522294735, status: 1
2024/10/23 19:15:36 [INFO] Message saved to database successfully: 
2024/10/23 19:22:21 [INFO] Consumer cancelled successfully: , consumerTag: 3522294735
2024/10/23 19:22:21 [INFO] Client added to Redis: , connectionID: tg2nevqkbkde0k, userId: 3522294735
2024/10/23 19:22:26 [INFO] Consumer cancelled successfully: , consumerTag: 1110930482
2024/10/23 19:22:26 [INFO] Client added to Redis: , userId: 1110930482, connectionID: fsj8yjmfely482
2024/10/23 19:22:29 [INFO] Receiver online status: , receiverId: 3522294735, isOnline: true
2024/10/23 19:22:29 [INFO] Creating message: , senderId: 1110930482, receiverId: 3522294735, status: 1
2024/10/23 19:22:29 [INFO] Message saved to database successfully: 
2024/10/23 19:22:32 [INFO] Receiver online status: , receiverId: 1110930482, isOnline: true
2024/10/23 19:22:32 [INFO] Creating message: , senderId: 3522294735, receiverId: 1110930482, status: 1
2024/10/23 19:22:32 [INFO] Message saved to database successfully: 
2024/10/23 19:22:36 [INFO] Receiver online status: , receiverId: 1110930482, isOnline: true
2024/10/23 19:22:36 [INFO] Creating message: , receiverId: 1110930482, status: 1, senderId: 3522294735
2024/10/23 19:22:36 [INFO] Message saved to database successfully: 
2024/10/23 19:22:37 [INFO] Receiver online status: , isOnline: true, receiverId: 1110930482
2024/10/23 19:22:37 [INFO] Creating message: , senderId: 3522294735, receiverId: 1110930482, status: 1
2024/10/23 19:22:37 [INFO] Message saved to database successfully: 
2024/10/23 19:22:45 [INFO] Receiver online status: , isOnline: true, receiverId: 3522294735
2024/10/23 19:22:45 [INFO] Creating message: , senderId: 1110930482, receiverId: 3522294735, status: 1
2024/10/23 19:22:45 [INFO] Message saved to database successfully: 
2024/10/23 19:22:45 [INFO] Receiver online status: , receiverId: 3522294735, isOnline: true
2024/10/23 19:22:45 [INFO] Creating message: , receiverId: 3522294735, status: 1, senderId: 1110930482
2024/10/23 19:22:45 [INFO] Message saved to database successfully: 
2024/10/23 19:22:49 [INFO] Receiver online status: , receiverId: 1110930482, isOnline: true
2024/10/23 19:22:49 [INFO] Creating message: , status: 1, senderId: 3522294735, receiverId: 1110930482
2024/10/23 19:22:49 [INFO] Message saved to database successfully: 
2024/10/23 19:22:51 [INFO] Receiver online status: , receiverId: 3522294735, isOnline: true
2024/10/23 19:22:51 [INFO] Creating message: , senderId: 1110930482, receiverId: 3522294735, status: 1
2024/10/23 19:22:51 [INFO] Message saved to database successfully: 
2024/10/23 19:22:56 [INFO] Receiver online status: , isOnline: true, receiverId: 1110930482
2024/10/23 19:22:56 [INFO] Creating message: , senderId: 3522294735, receiverId: 1110930482, status: 1
2024/10/23 19:22:56 [INFO] Message saved to database successfully: 
2024/10/23 19:23:01 [INFO] Receiver online status: , receiverId: 1110930482, isOnline: true
2024/10/23 19:23:01 [INFO] Creating message: , senderId: 3522294735, receiverId: 1110930482, status: 1
2024/10/23 19:23:01 [INFO] Message saved to database successfully: 
2024/10/23 19:23:01 [INFO] Receiver online status: , isOnline: true, receiverId: 1110930482
2024/10/23 19:23:01 [INFO] Creating message: , senderId: 3522294735, receiverId: 1110930482, status: 1
2024/10/23 19:23:01 [INFO] Message saved to database successfully: 
2024/10/23 19:23:45 [INFO] Consumer cancelled successfully: , consumerTag: 1110930482
2024/10/23 19:23:45 [INFO] Client added to Redis: , userId: 1110930482, connectionID: 95drv0tayvombp
2024/10/23 19:23:47 [INFO] Consumer cancelled successfully: , consumerTag: 3522294735
2024/10/23 19:23:47 [INFO] Client added to Redis: , userId: 3522294735, connectionID: kutbjnngytc19e
2024/10/23 19:24:36 [INFO] Consumer cancelled successfully: , consumerTag: 1110930482
2024/10/23 19:24:36 [INFO] Client added to Redis: , userId: 1110930482, connectionID: m5ma6u5mc6ubp2
2024/10/23 19:24:36 [INFO] Started listening for messages: , userId: 1110930482
2024/10/23 19:24:38 [INFO] Consumer cancelled successfully: , consumerTag: 3522294735
2024/10/23 19:24:38 [INFO] Client added to Redis: , userId: 3522294735, connectionID: 3oabt3rd73x20p
2024/10/23 19:24:38 [INFO] Started listening for messages: , userId: 3522294735
2024/10/23 19:24:41 [INFO] Receiver online status: , receiverId: 1110930482, isOnline: true
2024/10/23 19:24:41 [INFO] Creating message: , senderId: 3522294735, receiverId: 1110930482, status: 1
2024/10/23 19:24:41 [INFO] Message saved to database successfully: 
2024/10/23 19:24:43 [INFO] Receiver online status: , receiverId: 3522294735, isOnline: true
2024/10/23 19:24:43 [INFO] Creating message: , senderId: 1110930482, receiverId: 3522294735, status: 1
2024/10/23 19:24:43 [INFO] Message saved to database successfully: 
2024/10/23 19:24:55 [INFO] Receiver online status: , receiverId: 1110930482, isOnline: true
2024/10/23 19:24:55 [INFO] Creating message: , senderId: 3522294735, receiverId: 1110930482, status: 1
2024/10/23 19:24:55 [INFO] Message saved to database successfully: 
2024/10/23 19:24:59 [INFO] Receiver online status: , receiverId: 3522294735, isOnline: true
2024/10/23 19:24:59 [INFO] Creating message: , senderId: 1110930482, receiverId: 3522294735, status: 1
2024/10/23 19:24:59 [INFO] Message saved to database successfully: 
2024/10/23 19:25:02 [INFO] Receiver online status: , receiverId: 1110930482, isOnline: true
2024/10/23 19:25:02 [INFO] Creating message: , senderId: 3522294735, receiverId: 1110930482, status: 1
2024/10/23 19:25:02 [INFO] Message saved to database successfully: 
2024/10/23 19:25:05 [INFO] Receiver online status: , receiverId: 3522294735, isOnline: true
2024/10/23 19:25:05 [INFO] Creating message: , senderId: 1110930482, receiverId: 3522294735, status: 1
2024/10/23 19:25:05 [INFO] Message saved to database successfully: 
2024/10/23 19:25:08 [INFO] Receiver online status: , receiverId: 1110930482, isOnline: true
2024/10/23 19:25:08 [INFO] Creating message: , senderId: 3522294735, receiverId: 1110930482, status: 1
2024/10/23 19:25:08 [INFO] Message saved to database successfully: 
2024/10/23 19:25:09 [INFO] Receiver online status: , receiverId: 1110930482, isOnline: true
2024/10/23 19:25:09 [INFO] Creating message: , senderId: 3522294735, receiverId: 1110930482, status: 1
2024/10/23 19:25:09 [INFO] Message saved to database successfully: 
2024/10/23 19:25:12 [INFO] Receiver online status: , receiverId: 3522294735, isOnline: true
2024/10/23 19:25:12 [INFO] Creating message: , status: 1, senderId: 1110930482, receiverId: 3522294735
2024/10/23 19:25:12 [INFO] Message saved to database successfully: 
2024/10/23 19:25:18 [INFO] Receiver online status: , isOnline: true, receiverId: 3522294735
2024/10/23 19:25:18 [INFO] Creating message: , senderId: 1110930482, receiverId: 3522294735, status: 1
2024/10/23 19:25:18 [INFO] Message saved to database successfully: 
2024/10/23 19:25:30 [INFO] Receiver online status: , receiverId: 1110930482, isOnline: true
2024/10/23 19:25:30 [INFO] Creating message: , senderId: 3522294735, receiverId: 1110930482, status: 1
2024/10/23 19:25:30 [INFO] Message saved to database successfully: 
2024/10/23 19:25:35 [INFO] Receiver online status: , receiverId: 1110930482, isOnline: true
2024/10/23 19:25:35 [INFO] Creating message: , senderId: 3522294735, receiverId: 1110930482, status: 1
2024/10/23 19:25:35 [INFO] Message saved to database successfully: 
2024/10/23 19:30:58 [INFO] Consumer cancelled successfully: , consumerTag: 1110930482
2024/10/23 19:30:58 [INFO] Client added to Redis: , userId: 1110930482, connectionID: ig0la41k93vz2h
2024/10/23 19:30:58 [INFO] Started listening for messages: , userId: 1110930482
2024/10/23 19:31:01 [INFO] Consumer cancelled successfully: , consumerTag: 3522294735
2024/10/23 19:31:01 [INFO] Client added to Redis: , userId: 3522294735, connectionID: 6niq0mgz3kil2m
2024/10/23 19:31:01 [INFO] Started listening for messages: , userId: 3522294735
2024/10/23 19:31:10 [INFO] Receiver online status: , receiverId: 1110930482, isOnline: true
2024/10/23 19:31:10 [INFO] Creating message: , senderId: 3522294735, receiverId: 1110930482, status: 1
2024/10/23 19:31:10 [INFO] Message saved to database successfully: 
2024/10/23 19:31:13 [INFO] Receiver online status: , receiverId: 3522294735, isOnline: true
2024/10/23 19:31:13 [INFO] Creating message: , senderId: 1110930482, receiverId: 3522294735, status: 1
2024/10/23 19:31:13 [INFO] Message saved to database successfully: 
2024/10/23 19:31:15 [INFO] Receiver online status: , receiverId: 1110930482, isOnline: true
2024/10/23 19:31:15 [INFO] Creating message: , status: 1, senderId: 3522294735, receiverId: 1110930482
2024/10/23 19:31:15 [INFO] Message saved to database successfully: 
2024/10/23 19:31:16 [INFO] Receiver online status: , isOnline: true, receiverId: 1110930482
2024/10/23 19:31:16 [INFO] Creating message: , receiverId: 1110930482, status: 1, senderId: 3522294735
2024/10/23 19:31:16 [INFO] Message saved to database successfully: 
2024/10/23 19:31:17 [INFO] Receiver online status: , receiverId: 1110930482, isOnline: true
2024/10/23 19:31:17 [INFO] Creating message: , receiverId: 1110930482, status: 1, senderId: 3522294735
2024/10/23 19:31:17 [INFO] Message saved to database successfully: 
2024/10/23 19:31:21 [INFO] Receiver online status: , receiverId: 3522294735, isOnline: true
2024/10/23 19:31:21 [INFO] Creating message: , senderId: 1110930482, receiverId: 3522294735, status: 1
2024/10/23 19:31:21 [INFO] Message saved to database successfully: 
2024/10/23 19:31:21 [INFO] Receiver online status: , receiverId: 3522294735, isOnline: true
2024/10/23 19:31:21 [INFO] Creating message: , receiverId: 3522294735, status: 1, senderId: 1110930482
2024/10/23 19:31:21 [INFO] Message saved to database successfully: 
2024/10/23 19:31:22 [INFO] Receiver online status: , receiverId: 3522294735, isOnline: true
2024/10/23 19:31:22 [INFO] Creating message: , senderId: 1110930482, receiverId: 3522294735, status: 1
2024/10/23 19:31:22 [INFO] Message saved to database successfully: 
2024/10/23 19:35:04 [INFO] Consumer cancelled successfully: , consumerTag: 3522294735
2024/10/23 19:35:04 [INFO] Client added to Redis: , userId: 3522294735, connectionID: 6vx28q0t7ez9np
2024/10/23 19:35:04 [INFO] Started listening for messages: , userId: 3522294735
2024/10/23 19:35:10 [INFO] Consumer cancelled successfully: , consumerTag: 1110930482
2024/10/23 19:35:10 [INFO] Client added to Redis: , userId: 1110930482, connectionID: afbhp6unahdqs7
2024/10/23 19:35:10 [INFO] Started listening for messages: , userId: 1110930482
2024/10/23 19:35:15 [INFO] Receiver online status: , receiverId: 1110930482, isOnline: true
2024/10/23 19:35:15 [INFO] Creating message: , receiverId: 1110930482, status: 1, senderId: 3522294735
2024/10/23 19:35:15 [INFO] Message saved to database successfully: 
2024/10/23 19:35:18 [INFO] Receiver online status: , receiverId: 3522294735, isOnline: true
2024/10/23 19:35:18 [INFO] Creating message: , senderId: 1110930482, receiverId: 3522294735, status: 1
2024/10/23 19:35:18 [INFO] Message saved to database successfully: 
2024/10/23 19:37:48 [INFO] Consumer cancelled successfully: , consumerTag: 3522294735
2024/10/23 19:37:48 [INFO] Client added to Redis: , userId: 3522294735, connectionID: 7wto7rr2e4rudd
2024/10/23 19:37:48 [INFO] Started listening for messages: , userId: 3522294735
2024/10/23 19:37:50 [INFO] Consumer cancelled successfully: , consumerTag: 1110930482
2024/10/23 19:37:50 [INFO] Client added to Redis: , userId: 1110930482, connectionID: saipzrkjpxqo2b
2024/10/23 19:37:50 [INFO] Started listening for messages: , userId: 1110930482
2024/10/23 19:37:57 [INFO] Receiver online status: , receiverId: 3522294735, isOnline: true
2024/10/23 19:37:57 [INFO] Creating message: , senderId: 1110930482, receiverId: 3522294735, status: 1
2024/10/23 19:37:57 [INFO] Message saved to database successfully: 
2024/10/23 19:38:00 [INFO] Receiver online status: , receiverId: 1110930482, isOnline: true
2024/10/23 19:38:00 [INFO] Creating message: , receiverId: 1110930482, status: 1, senderId: 3522294735
2024/10/23 19:38:00 [INFO] Message saved to database successfully: 
2024/10/23 19:38:04 [INFO] Receiver online status: , receiverId: 3522294735, isOnline: true
2024/10/23 19:38:04 [INFO] Creating message: , senderId: 1110930482, receiverId: 3522294735, status: 1
2024/10/23 19:38:04 [INFO] Message saved to database successfully: 
2024/10/23 19:38:05 [INFO] Receiver online status: , receiverId: 3522294735, isOnline: true
2024/10/23 19:38:05 [INFO] Creating message: , senderId: 1110930482, receiverId: 3522294735, status: 1
2024/10/23 19:38:05 [INFO] Message saved to database successfully: 
2024/10/23 19:38:08 [INFO] Receiver online status: , receiverId: 1110930482, isOnline: true
2024/10/23 19:38:08 [INFO] Creating message: , senderId: 3522294735, receiverId: 1110930482, status: 1
2024/10/23 19:38:08 [INFO] Message saved to database successfully: 
2024/10/23 19:38:08 [INFO] Receiver online status: , receiverId: 1110930482, isOnline: true
2024/10/23 19:38:08 [INFO] Creating message: , senderId: 3522294735, receiverId: 1110930482, status: 1
2024/10/23 19:38:08 [INFO] Message saved to database successfully: 
2024/10/23 19:39:16 [INFO] Receiver online status: , receiverId: 3522294735, isOnline: true
2024/10/23 19:39:16 [INFO] Creating message: , senderId: 1110930482, receiverId: 3522294735, status: 1
2024/10/23 19:39:16 [INFO] Message saved to database successfully: 
2024/10/23 19:39:21 [INFO] Receiver online status: , receiverId: 3522294735, isOnline: true
2024/10/23 19:39:21 [INFO] Creating message: , senderId: 1110930482, receiverId: 3522294735, status: 1
2024/10/23 19:39:21 [INFO] Message saved to database successfully: 
2024/10/23 19:39:26 [INFO] Receiver online status: , receiverId: 3522294735, isOnline: true
2024/10/23 19:39:26 [INFO] Creating message: , senderId: 1110930482, receiverId: 3522294735, status: 1
2024/10/23 19:39:26 [INFO] Message saved to database successfully: 
2024/10/23 19:39:39 [INFO] Receiver online status: , receiverId: 3522294735, isOnline: true
2024/10/23 19:39:39 [INFO] Creating message: , senderId: 1110930482, receiverId: 3522294735, status: 1
2024/10/23 19:39:39 [INFO] Message saved to database successfully: 
2024/10/23 19:39:47 [INFO] Receiver online status: , receiverId: 3522294735, isOnline: true
2024/10/23 19:39:47 [INFO] Creating message: , status: 1, senderId: 1110930482, receiverId: 3522294735
2024/10/23 19:39:47 [INFO] Message saved to database successfully: 
2024/10/23 19:43:42 [INFO] Consumer cancelled successfully: , consumerTag: 3522294735
2024/10/23 19:43:42 [INFO] Client added to Redis: , userId: 3522294735, connectionID: 4aib07mk9vw87q
2024/10/23 19:43:42 [INFO] Started listening for messages: , userId: 3522294735
2024/10/23 19:43:44 [INFO] Consumer cancelled successfully: , consumerTag: 1110930482
2024/10/23 19:43:44 [INFO] Client added to Redis: , userId: 1110930482, connectionID: uso4kh6ih7zbxe
2024/10/23 19:43:44 [INFO] Started listening for messages: , userId: 1110930482
2024/10/23 19:43:57 [INFO] Receiver online status: , receiverId: 3522294735, isOnline: true
2024/10/23 19:43:57 [INFO] Creating message: , senderId: 1110930482, receiverId: 3522294735, status: 1
2024/10/23 19:43:57 [INFO] Message saved to database successfully: 
2024/10/23 19:44:00 [INFO] Receiver online status: , receiverId: 1110930482, isOnline: true
2024/10/23 19:44:00 [INFO] Creating message: , senderId: 3522294735, receiverId: 1110930482, status: 1
2024/10/23 19:44:00 [INFO] Message saved to database successfully: 
2024/10/23 19:44:03 [INFO] Receiver online status: , receiverId: 3522294735, isOnline: true
2024/10/23 19:44:03 [INFO] Creating message: , senderId: 1110930482, receiverId: 3522294735, status: 1
2024/10/23 19:44:03 [INFO] Message saved to database successfully: 
2024/10/23 19:44:04 [INFO] Receiver online status: , receiverId: 3522294735, isOnline: true
2024/10/23 19:44:04 [INFO] Creating message: , senderId: 1110930482, receiverId: 3522294735, status: 1
2024/10/23 19:44:04 [INFO] Message saved to database successfully: 
2024/10/23 19:44:04 [INFO] Receiver online status: , receiverId: 3522294735, isOnline: true
2024/10/23 19:44:04 [INFO] Creating message: , senderId: 1110930482, receiverId: 3522294735, status: 1
2024/10/23 19:44:04 [INFO] Message saved to database successfully: 
2024/10/23 19:44:59 [ERROR] Failed to read WebSocket message: clientIp: 127.0.0.1:34762, error: websocket: close 1000 (normal)
2024/10/23 19:44:59 [INFO] Consumer cancelled successfully: , consumerTag: 3522294735
2024/10/23 19:45:01 [ERROR] Failed to read WebSocket message: clientIp: 127.0.0.1:34776, error: websocket: close 1000 (normal)
2024/10/23 19:45:01 [INFO] Consumer cancelled successfully: , consumerTag: 1110930482
2024/10/23 19:45:51 [INFO] Consumer cancelled successfully: , consumerTag: 3522294735
2024/10/23 19:45:51 [INFO] Client added to Redis: , userId: 3522294735, connectionID: wd9alksddlmxqe
2024/10/23 19:45:51 [INFO] Started listening for messages: , userId: 3522294735
2024/10/23 19:46:17 [INFO] Consumer cancelled successfully: , consumerTag: 1110930482
2024/10/23 19:46:17 [INFO] Client added to Redis: , userId: 1110930482, connectionID: b7s8wh5j5p537k
2024/10/23 19:46:17 [INFO] Started listening for messages: , userId: 1110930482
2024/10/23 19:46:49 [INFO] Receiver online status: , receiverId: 3522294735, isOnline: true
2024/10/23 19:46:49 [INFO] Creating message: , senderId: 1110930482, receiverId: 3522294735, status: 1
2024/10/23 19:46:49 [INFO] Message saved to database successfully: 
2024/10/23 19:46:50 [INFO] Receiver online status: , receiverId: 3522294735, isOnline: true
2024/10/23 19:46:50 [INFO] Creating message: , senderId: 1110930482, receiverId: 3522294735, status: 1
2024/10/23 19:46:50 [INFO] Message saved to database successfully: 
2024/10/23 19:46:50 [INFO] Receiver online status: , receiverId: 3522294735, isOnline: true
2024/10/23 19:46:50 [INFO] Creating message: , status: 1, senderId: 1110930482, receiverId: 3522294735
2024/10/23 19:46:50 [INFO] Message saved to database successfully: 
2024/10/23 19:57:16 [INFO] Consumer cancelled successfully: , consumerTag: 3522294735
2024/10/23 19:57:16 [INFO] Client added to Redis: , userId: 3522294735, connectionID: 54fvve5xv4rpcq
2024/10/23 19:57:16 [INFO] Started listening for messages: , userId: 3522294735
2024/10/23 19:57:18 [INFO] Consumer cancelled successfully: , consumerTag: 1110930482
2024/10/23 19:57:18 [INFO] Client added to Redis: , connectionID: 78i7ukc5pxtd12, userId: 1110930482
2024/10/23 19:57:18 [INFO] Started listening for messages: , userId: 1110930482
2024/10/23 19:57:30 [INFO] Receiver online status: , isOnline: true, receiverId: 3522294735
2024/10/23 19:57:30 [INFO] Creating message: , status: 1, senderId: 1110930482, receiverId: 3522294735
2024/10/23 19:57:30 [INFO] Message saved to database successfully: 
2024/10/23 19:57:32 [INFO] Receiver online status: , receiverId: 1110930482, isOnline: true
2024/10/23 19:57:32 [INFO] Creating message: , senderId: 3522294735, receiverId: 1110930482, status: 1
2024/10/23 19:57:32 [INFO] Message saved to database successfully: 
2024/10/23 19:57:35 [INFO] Receiver online status: , receiverId: 3522294735, isOnline: true
2024/10/23 19:57:35 [INFO] Creating message: , senderId: 1110930482, receiverId: 3522294735, status: 1
2024/10/23 19:57:35 [INFO] Message saved to database successfully: 
2024/10/23 19:57:38 [INFO] Receiver online status: , receiverId: 1110930482, isOnline: true
2024/10/23 19:57:38 [INFO] Creating message: , status: 1, senderId: 3522294735, receiverId: 1110930482
2024/10/23 19:57:38 [INFO] Message saved to database successfully: 
2024/10/23 19:57:38 [INFO] Receiver online status: , receiverId: 1110930482, isOnline: true
2024/10/23 19:57:38 [INFO] Creating message: , senderId: 3522294735, receiverId: 1110930482, status: 1
2024/10/23 19:57:38 [INFO] Message saved to database successfully: 
2024/10/23 19:57:42 [INFO] Receiver online status: , receiverId: 3522294735, isOnline: true
2024/10/23 19:57:42 [INFO] Creating message: , senderId: 1110930482, receiverId: 3522294735, status: 1
2024/10/23 19:57:42 [INFO] Message saved to database successfully: 
2024/10/23 19:57:42 [INFO] Receiver online status: , isOnline: true, receiverId: 3522294735
2024/10/23 19:57:42 [INFO] Creating message: , senderId: 1110930482, receiverId: 3522294735, status: 1
2024/10/23 19:57:42 [INFO] Message saved to database successfully: 
2024/10/23 19:57:47 [INFO] Receiver online status: , receiverId: 3522294735, isOnline: true
2024/10/23 19:57:47 [INFO] Creating message: , senderId: 1110930482, receiverId: 3522294735, status: 1
2024/10/23 19:57:47 [INFO] Message saved to database successfully: 
2024/10/23 19:57:47 [INFO] Receiver online status: , receiverId: 3522294735, isOnline: true
2024/10/23 19:57:47 [INFO] Creating message: , senderId: 1110930482, receiverId: 3522294735, status: 1
2024/10/23 19:57:47 [INFO] Message saved to database successfully: 
2024/10/23 19:57:48 [INFO] Receiver online status: , receiverId: 3522294735, isOnline: true
2024/10/23 19:57:48 [INFO] Creating message: , receiverId: 3522294735, status: 1, senderId: 1110930482
2024/10/23 19:57:48 [INFO] Message saved to database successfully: 
2024/10/23 19:57:52 [INFO] Receiver online status: , receiverId: 1110930482, isOnline: true
2024/10/23 19:57:52 [INFO] Creating message: , senderId: 3522294735, receiverId: 1110930482, status: 1
2024/10/23 19:57:52 [INFO] Message saved to database successfully: 
2024/10/23 19:57:52 [INFO] Receiver online status: , receiverId: 1110930482, isOnline: true
2024/10/23 19:57:52 [INFO] Creating message: , receiverId: 1110930482, status: 1, senderId: 3522294735
2024/10/23 19:57:52 [INFO] Message saved to database successfully: 
2024/10/23 19:57:53 [INFO] Receiver online status: , receiverId: 1110930482, isOnline: true
2024/10/23 19:57:53 [INFO] Creating message: , senderId: 3522294735, receiverId: 1110930482, status: 1
2024/10/23 19:57:53 [INFO] Message saved to database successfully: 
2024/10/23 19:57:54 [INFO] Receiver online status: , receiverId: 1110930482, isOnline: true
2024/10/23 19:57:54 [INFO] Creating message: , status: 1, senderId: 3522294735, receiverId: 1110930482
2024/10/23 19:57:54 [INFO] Message saved to database successfully: 
2024/10/23 19:58:01 [INFO] Receiver online status: , receiverId: 3522294735, isOnline: true
2024/10/23 19:58:01 [INFO] Creating message: , senderId: 1110930482, receiverId: 3522294735, status: 1
2024/10/23 19:58:01 [INFO] Message saved to database successfully: 
2024/10/23 19:58:01 [INFO] Receiver online status: , receiverId: 3522294735, isOnline: true
2024/10/23 19:58:01 [INFO] Creating message: , senderId: 1110930482, receiverId: 3522294735, status: 1
2024/10/23 19:58:01 [INFO] Message saved to database successfully: 
2024/10/23 19:58:02 [INFO] Receiver online status: , receiverId: 3522294735, isOnline: true
2024/10/23 19:58:02 [INFO] Creating message: , senderId: 1110930482, receiverId: 3522294735, status: 1
2024/10/23 19:58:02 [INFO] Message saved to database successfully: 
2024/10/23 19:58:02 [INFO] Receiver online status: , receiverId: 3522294735, isOnline: true
2024/10/23 19:58:02 [INFO] Creating message: , senderId: 1110930482, receiverId: 3522294735, status: 1
2024/10/23 19:58:02 [INFO] Message saved to database successfully: 
2024/10/23 19:58:03 [INFO] Receiver online status: , receiverId: 3522294735, isOnline: true
2024/10/23 19:58:03 [INFO] Creating message: , senderId: 1110930482, receiverId: 3522294735, status: 1
2024/10/23 19:58:03 [INFO] Message saved to database successfully: 
2024/10/23 19:58:22 [INFO] Receiver online status: , receiverId: 1110930482, isOnline: true
2024/10/23 19:58:22 [INFO] Creating message: , receiverId: 1110930482, status: 1, senderId: 3522294735
2024/10/23 19:58:22 [INFO] Message saved to database successfully: 
2024/10/23 19:58:25 [INFO] Receiver online status: , receiverId: 1110930482, isOnline: true
2024/10/23 19:58:25 [INFO] Creating message: , status: 1, senderId: 3522294735, receiverId: 1110930482
2024/10/23 19:58:25 [INFO] Message saved to database successfully: 
2024/10/23 19:58:32 [INFO] Receiver online status: , receiverId: 1110930482, isOnline: true
2024/10/23 19:58:32 [INFO] Creating message: , senderId: 3522294735, receiverId: 1110930482, status: 1
2024/10/23 19:58:32 [INFO] Message saved to database successfully: 
2024/10/23 20:03:04 [INFO] Consumer cancelled successfully: , consumerTag: 1110930482
2024/10/23 20:03:04 [INFO] Client added to Redis: , userId: 1110930482, connectionID: zqxn0godosdkuu
2024/10/23 20:03:04 [INFO] Started listening for messages: , userId: 1110930482
2024/10/23 20:03:09 [INFO] Consumer cancelled successfully: , consumerTag: 3522294735
2024/10/23 20:03:09 [INFO] Client added to Redis: , userId: 3522294735, connectionID: sq9x0kntwnt7p1
2024/10/23 20:03:09 [INFO] Started listening for messages: , userId: 3522294735
2024/10/23 20:03:11 [INFO] Receiver online status: , receiverId: 1110930482, isOnline: true
2024/10/23 20:03:11 [INFO] Creating message: , senderId: 3522294735, receiverId: 1110930482, status: 1
2024/10/23 20:03:11 [INFO] Message saved to database successfully: 
2024/10/23 20:03:14 [INFO] Receiver online status: , isOnline: true, receiverId: 3522294735
2024/10/23 20:03:14 [INFO] Creating message: , senderId: 1110930482, receiverId: 3522294735, status: 1
2024/10/23 20:03:14 [INFO] Message saved to database successfully: 
2024/10/23 20:03:16 [INFO] Receiver online status: , receiverId: 1110930482, isOnline: true
2024/10/23 20:03:16 [INFO] Creating message: , senderId: 3522294735, receiverId: 1110930482, status: 1
2024/10/23 20:03:16 [INFO] Message saved to database successfully: 
2024/10/23 20:03:17 [INFO] Receiver online status: , isOnline: true, receiverId: 1110930482
2024/10/23 20:03:17 [INFO] Creating message: , senderId: 3522294735, receiverId: 1110930482, status: 1
2024/10/23 20:03:17 [INFO] Message saved to database successfully: 
2024/10/23 20:03:20 [INFO] Receiver online status: , receiverId: 3522294735, isOnline: true
2024/10/23 20:03:20 [INFO] Creating message: , status: 1, senderId: 1110930482, receiverId: 3522294735
2024/10/23 20:03:20 [INFO] Message saved to database successfully: 
2024/10/23 20:03:20 [INFO] Receiver online status: , receiverId: 3522294735, isOnline: true
2024/10/23 20:03:20 [INFO] Creating message: , status: 1, senderId: 1110930482, receiverId: 3522294735
2024/10/23 20:03:20 [INFO] Message saved to database successfully: 
2024/10/23 20:03:23 [INFO] Receiver online status: , receiverId: 1110930482, isOnline: true
2024/10/23 20:03:23 [INFO] Creating message: , senderId: 3522294735, receiverId: 1110930482, status: 1
2024/10/23 20:03:23 [INFO] Message saved to database successfully: 
2024/10/23 20:03:23 [INFO] Receiver online status: , isOnline: true, receiverId: 1110930482
2024/10/23 20:03:23 [INFO] Creating message: , senderId: 3522294735, receiverId: 1110930482, status: 1
2024/10/23 20:03:23 [INFO] Message saved to database successfully: 
2024/10/23 20:03:23 [INFO] Receiver online status: , receiverId: 1110930482, isOnline: true
2024/10/23 20:03:23 [INFO] Creating message: , senderId: 3522294735, receiverId: 1110930482, status: 1
2024/10/23 20:03:23 [INFO] Message saved to database successfully: 
2024/10/23 20:08:38 [INFO] Consumer cancelled successfully: , consumerTag: 3522294735
2024/10/23 20:08:38 [INFO] Client added to Redis: , userId: 3522294735, connectionID: 74bdiu4rm002pf
2024/10/23 20:08:38 [INFO] Started listening for messages: , userId: 3522294735
2024/10/25 20:45:17 [INFO] Consumer cancelled successfully: , consumerTag: 3522294735
2024/10/25 20:45:17 [INFO] Client added to Redis: , userId: 3522294735, connectionID: n564b3fbd3jxyh
2024/10/25 20:45:17 [INFO] Started listening for messages: , userId: 3522294735
2024/10/25 20:45:28 [INFO] Receiver online status: , receiverId: 1110930482, isOnline: true
2024/10/25 20:45:28 [INFO] Creating message: , senderId: 3522294735, receiverId: 1110930482, status: 1
2024/10/25 20:45:28 [INFO] Message saved to database successfully: 
2024/10/25 20:45:31 [INFO] Consumer cancelled successfully: , consumerTag: 1110930482
2024/10/25 20:45:31 [INFO] Client added to Redis: , userId: 1110930482, connectionID: sxm38fact2lupa
2024/10/25 20:45:31 [INFO] Started listening for messages: , userId: 1110930482
2024/10/25 20:45:36 [INFO] Receiver online status: , receiverId: 3522294735, isOnline: true
2024/10/25 20:45:36 [INFO] Creating message: , senderId: 1110930482, receiverId: 3522294735, status: 1
2024/10/25 20:45:36 [INFO] Message saved to database successfully: 
2024/10/25 20:45:40 [INFO] Receiver online status: , receiverId: 1110930482, isOnline: true
2024/10/25 20:45:40 [INFO] Creating message: , senderId: 3522294735, receiverId: 1110930482, status: 1
2024/10/25 20:45:40 [INFO] Message saved to database successfully: 
2024/10/25 20:45:43 [INFO] Receiver online status: , receiverId: 3522294735, isOnline: true
2024/10/25 20:45:43 [INFO] Creating message: , senderId: 1110930482, receiverId: 3522294735, status: 1
2024/10/25 20:45:43 [INFO] Message saved to database successfully: 
2024/10/25 20:45:46 [INFO] Receiver online status: , receiverId: 1110930482, isOnline: true
2024/10/25 20:45:46 [INFO] Creating message: , senderId: 3522294735, receiverId: 1110930482, status: 1
2024/10/25 20:45:46 [INFO] Message saved to database successfully: 
2024/10/25 20:45:50 [INFO] Receiver online status: , receiverId: 3522294735, isOnline: true
2024/10/25 20:45:50 [INFO] Creating message: , senderId: 1110930482, receiverId: 3522294735, status: 1
2024/10/25 20:45:50 [INFO] Message saved to database successfully: 
2024/10/25 20:45:53 [INFO] Receiver online status: , receiverId: 1110930482, isOnline: true
2024/10/25 20:45:53 [INFO] Creating message: , senderId: 3522294735, receiverId: 1110930482, status: 1
2024/10/25 20:45:53 [INFO] Message saved to database successfully: 
2024/10/25 20:45:57 [INFO] Receiver online status: , receiverId: 3522294735, isOnline: true
2024/10/25 20:45:57 [INFO] Creating message: , senderId: 1110930482, receiverId: 3522294735, status: 1
2024/10/25 20:45:57 [INFO] Message saved to database successfully: 
2024/10/25 20:46:01 [INFO] Receiver online status: , receiverId: 1110930482, isOnline: true
2024/10/25 20:46:01 [INFO] Creating message: , senderId: 3522294735, receiverId: 1110930482, status: 1
2024/10/25 20:46:01 [INFO] Message saved to database successfully: 
2024/10/25 20:46:02 [INFO] Receiver online status: , receiverId: 1110930482, isOnline: true
2024/10/25 20:46:02 [INFO] Creating message: , senderId: 3522294735, receiverId: 1110930482, status: 1
2024/10/25 20:46:02 [INFO] Message saved to database successfully: 
2024/10/25 20:46:02 [INFO] Receiver online status: , receiverId: 1110930482, isOnline: true
2024/10/25 20:46:02 [INFO] Creating message: , status: 1, senderId: 3522294735, receiverId: 1110930482
2024/10/25 20:46:02 [INFO] Message saved to database successfully: 
2024/10/25 20:46:10 [ERROR] Failed to read WebSocket message: clientIp: 127.0.0.1:37054, error: websocket: close 1000 (normal)
2024/10/25 20:46:10 [INFO] Consumer cancelled successfully: , consumerTag: 1110930482
2024/10/25 20:46:21 [INFO] Receiver online status: , isOnline: true, receiverId: 1110930482
2024/10/25 20:46:21 [INFO] Creating message: , senderId: 3522294735, receiverId: 1110930482, status: 1
2024/10/25 20:46:21 [INFO] Message saved to database successfully: 
2024/10/25 20:46:27 [INFO] Receiver online status: , receiverId: 1110930482, isOnline: true
2024/10/25 20:46:27 [INFO] Creating message: , status: 1, senderId: 3522294735, receiverId: 1110930482
2024/10/25 20:46:27 [INFO] Message saved to database successfully: 
2024/10/25 20:46:31 [INFO] Consumer cancelled successfully: , consumerTag: 1110930482
2024/10/25 20:46:31 [INFO] Client added to Redis: , userId: 1110930482, connectionID: 4in14w4xv0q5pp
2024/10/25 20:46:31 [INFO] Started listening for messages: , userId: 1110930482
